# JRE version: Java(TM) SE Runtime Environment (8.0_171-b11) (build 1.8.0_171-b11)
# Java VM: Java HotSpot(TM) 64-Bit Server VM (25.171-b11 mixed mode windows-amd64 compressed oops)
Heap:
 PSYoungGen      total 472576K, used 138121K [0x00000000d5580000, 0x00000000f7b00000, 0x0000000100000000)
  eden space 386560K, 21% used [0x00000000d5580000,0x00000000da7ad828,0x00000000ecf00000)
  from space 86016K, 62% used [0x00000000f2700000,0x00000000f5bb4c20,0x00000000f7b00000)
  to   space 88064K, 0% used [0x00000000ecf00000,0x00000000ecf00000,0x00000000f2500000)
 ParOldGen       total 244736K, used 190514K [0x0000000080000000, 0x000000008ef00000, 0x00000000d5580000)
  object space 244736K, 77% used [0x0000000080000000,0x000000008ba0cb20,0x000000008ef00000)
 Metaspace       used 144941K, capacity 150453K, committed 150808K, reserved 1181696K
  class space    used 17958K, capacity 19151K, committed 19224K, reserved 1048576K
GC Heap History (10 events):
Event: 1395.945 GC heap before
{Heap before GC invocations=34 (full 4):
 PSYoungGen      total 338432K, used 338426K [0x00000000d5580000, 0x00000000f3280000, 0x0000000100000000)
  eden space 264192K, 100% used [0x00000000d5580000,0x00000000e5780000,0x00000000e5780000)
  from space 74240K, 99% used [0x00000000e5780000,0x00000000e9ffebe0,0x00000000ea000000)
  to   space 90112K, 0% used [0x00000000eda80000,0x00000000eda80000,0x00000000f3280000)
 ParOldGen       total 244736K, used 131080K [0x0000000080000000, 0x000000008ef00000, 0x00000000d5580000)
  object space 244736K, 53% used [0x0000000080000000,0x0000000088002258,0x000000008ef00000)
 Metaspace       used 139781K, capacity 144944K, committed 145304K, reserved 1175552K
  class space    used 17555K, capacity 18725K, committed 18840K, reserved 1048576K
Event: 1396.014 GC heap after
Heap after GC invocations=34 (full 4):
 PSYoungGen      total 384000K, used 38762K [0x00000000d5580000, 0x00000000f2700000, 0x0000000100000000)
  eden space 305664K, 0% used [0x00000000d5580000,0x00000000d5580000,0x00000000e8000000)
  from space 78336K, 49% used [0x00000000eda80000,0x00000000f005abb0,0x00000000f2700000)
  to   space 85504K, 0% used [0x00000000e8000000,0x00000000e8000000,0x00000000ed380000)
 ParOldGen       total 244736K, used 162419K [0x0000000080000000, 0x000000008ef00000, 0x00000000d5580000)
  object space 244736K, 66% used [0x0000000080000000,0x0000000089e9ccb8,0x000000008ef00000)
 Metaspace       used 139781K, capacity 144944K, committed 145304K, reserved 1175552K
  class space    used 17555K, capacity 18725K, committed 18840K, reserved 1048576K
}
Event: 1400.266 GC heap before
{Heap before GC invocations=35 (full 4):
 PSYoungGen      total 384000K, used 344426K [0x00000000d5580000, 0x00000000f2700000, 0x0000000100000000)
  eden space 305664K, 100% used [0x00000000d5580000,0x00000000e8000000,0x00000000e8000000)
  from space 78336K, 49% used [0x00000000eda80000,0x00000000f005abb0,0x00000000f2700000)
  to   space 85504K, 0% used [0x00000000e8000000,0x00000000e8000000,0x00000000ed380000)
 ParOldGen       total 244736K, used 162419K [0x0000000080000000, 0x000000008ef00000, 0x00000000d5580000)
  object space 244736K, 66% used [0x0000000080000000,0x0000000089e9ccb8,0x000000008ef00000)
 Metaspace       used 142108K, capacity 147346K, committed 147480K, reserved 1177600K
  class space    used 17756K, capacity 18914K, committed 18968K, reserved 1048576K
Event: 1400.345 GC heap after
Heap after GC invocations=35 (full 4):
 PSYoungGen      total 391168K, used 52237K [0x00000000d5580000, 0x00000000f5580000, 0x0000000100000000)
  eden space 305664K, 0% used [0x00000000d5580000,0x00000000d5580000,0x00000000e8000000)
  from space 85504K, 61% used [0x00000000e8000000,0x00000000eb3036a0,0x00000000ed380000)
  to   space 86016K, 0% used [0x00000000f0180000,0x00000000f0180000,0x00000000f5580000)
 ParOldGen       total 244736K, used 170922K [0x0000000080000000, 0x000000008ef00000, 0x00000000d5580000)
  object space 244736K, 69% used [0x0000000080000000,0x000000008a6eaa88,0x000000008ef00000)
 Metaspace       used 142108K, capacity 147346K, committed 147480K, reserved 1177600K
  class space    used 17756K, capacity 18914K, committed 18968K, reserved 1048576K
}
Event: 1403.602 GC heap before
{Heap before GC invocations=36 (full 4):
 PSYoungGen      total 391168K, used 357901K [0x00000000d5580000, 0x00000000f5580000, 0x0000000100000000)
  eden space 305664K, 100% used [0x00000000d5580000,0x00000000e8000000,0x00000000e8000000)
  from space 85504K, 61% used [0x00000000e8000000,0x00000000eb3036a0,0x00000000ed380000)
  to   space 86016K, 0% used [0x00000000f0180000,0x00000000f0180000,0x00000000f5580000)
 ParOldGen       total 244736K, used 170922K [0x0000000080000000, 0x000000008ef00000, 0x00000000d5580000)
  object space 244736K, 69% used [0x0000000080000000,0x000000008a6eaa88,0x000000008ef00000)
 Metaspace       used 143443K, capacity 148798K, committed 148888K, reserved 1179648K
  class space    used 17889K, capacity 19094K, committed 19096K, reserved 1048576K
Event: 1403.644 GC heap after
Heap after GC invocations=36 (full 4):
 PSYoungGen      total 425984K, used 31947K [0x00000000d5580000, 0x00000000f4c00000, 0x0000000100000000)
  eden space 349696K, 0% used [0x00000000d5580000,0x00000000d5580000,0x00000000eab00000)
  from space 76288K, 41% used [0x00000000f0180000,0x00000000f20b2cc8,0x00000000f4c00000)
  to   space 82432K, 0% used [0x00000000eab00000,0x00000000eab00000,0x00000000efb80000)
 ParOldGen       total 244736K, used 190498K [0x0000000080000000, 0x000000008ef00000, 0x00000000d5580000)
  object space 244736K, 77% used [0x0000000080000000,0x000000008ba08b20,0x000000008ef00000)
 Metaspace       used 143443K, capacity 148798K, committed 148888K, reserved 1179648K
  class space    used 17889K, capacity 19094K, committed 19096K, reserved 1048576K
}
Event: 1408.192 GC heap before
{Heap before GC invocations=37 (full 4):
 PSYoungGen      total 425984K, used 381643K [0x00000000d5580000, 0x00000000f4c00000, 0x0000000100000000)
  eden space 349696K, 100% used [0x00000000d5580000,0x00000000eab00000,0x00000000eab00000)
  from space 76288K, 41% used [0x00000000f0180000,0x00000000f20b2cc8,0x00000000f4c00000)
  to   space 82432K, 0% used [0x00000000eab00000,0x00000000eab00000,0x00000000efb80000)
 ParOldGen       total 244736K, used 190498K [0x0000000080000000, 0x000000008ef00000, 0x00000000d5580000)
  object space 244736K, 77% used [0x0000000080000000,0x000000008ba08b20,0x000000008ef00000)
 Metaspace       used 143882K, capacity 149266K, committed 149400K, reserved 1179648K
  class space    used 17891K, capacity 19096K, committed 19096K, reserved 1048576K
Event: 1408.253 GC heap after
Heap after GC invocations=37 (full 4):
 PSYoungGen      total 432128K, used 63866K [0x00000000d5580000, 0x00000000f7c80000, 0x0000000100000000)
  eden space 349696K, 0% used [0x00000000d5580000,0x00000000d5580000,0x00000000eab00000)
  from space 82432K, 77% used [0x00000000eab00000,0x00000000ee95eb38,0x00000000efb80000)
  to   space 87552K, 0% used [0x00000000f2700000,0x00000000f2700000,0x00000000f7c80000)
 ParOldGen       total 244736K, used 190506K [0x0000000080000000, 0x000000008ef00000, 0x00000000d5580000)
  object space 244736K, 77% used [0x0000000080000000,0x000000008ba0ab20,0x000000008ef00000)
 Metaspace       used 143882K, capacity 149266K, committed 149400K, reserved 1179648K
  class space    used 17891K, capacity 19096K, committed 19096K, reserved 1048576K
}
Event: 1414.517 GC heap before
{Heap before GC invocations=38 (full 4):
 PSYoungGen      total 432128K, used 413562K [0x00000000d5580000, 0x00000000f7c80000, 0x0000000100000000)
  eden space 349696K, 100% used [0x00000000d5580000,0x00000000eab00000,0x00000000eab00000)
  from space 82432K, 77% used [0x00000000eab00000,0x00000000ee95eb38,0x00000000efb80000)
  to   space 87552K, 0% used [0x00000000f2700000,0x00000000f2700000,0x00000000f7c80000)
 ParOldGen       total 244736K, used 190506K [0x0000000080000000, 0x000000008ef00000, 0x00000000d5580000)
  object space 244736K, 77% used [0x0000000080000000,0x000000008ba0ab20,0x000000008ef00000)
 Metaspace       used 144792K, capacity 150269K, committed 150552K, reserved 1181696K
  class space    used 17930K, capacity 19115K, committed 19224K, reserved 1048576K
Event: 1414.578 GC heap after
Heap after GC invocations=38 (full 4):
 PSYoungGen      total 472576K, used 53971K [0x00000000d5580000, 0x00000000f7b00000, 0x0000000100000000)
  eden space 386560K, 0% used [0x00000000d5580000,0x00000000d5580000,0x00000000ecf00000)
  from space 86016K, 62% used [0x00000000f2700000,0x00000000f5bb4c20,0x00000000f7b00000)
  to   space 88064K, 0% used [0x00000000ecf00000,0x00000000ecf00000,0x00000000f2500000)
 ParOldGen       total 244736K, used 190514K [0x0000000080000000, 0x000000008ef00000, 0x00000000d5580000)
  object space 244736K, 77% used [0x0000000080000000,0x000000008ba0cb20,0x000000008ef00000)
 Metaspace       used 144792K, capacity 150269K, committed 150552K, reserved 1181696K
  class space    used 17930K, capacity 19115K, committed 19224K, reserved 1048576K
}

