# JRE version: Java(TM) SE Runtime Environment (8.0_171-b11) (build 1.8.0_171-b11)
# Java VM: Java HotSpot(TM) 64-Bit Server VM (25.171-b11 mixed mode windows-amd64 compressed oops)
Heap:
 PSYoungGen      total 96768K, used 15429K [0x00000000d5580000, 0x00000000dea00000, 0x0000000100000000)
  eden space 68608K, 22% used [0x00000000d5580000,0x00000000d6491400,0x00000000d9880000)
  from space 28160K, 0% used [0x00000000dbb80000,0x00000000dbb80000,0x00000000dd700000)
  to   space 35840K, 0% used [0x00000000d9880000,0x00000000d9880000,0x00000000dbb80000)
 ParOldGen       total 118272K, used 49755K [0x0000000080000000, 0x0000000087380000, 0x00000000d5580000)
  object space 118272K, 42% used [0x0000000080000000,0x0000000083096d48,0x0000000087380000)
 Metaspace       used 59268K, capacity 60465K, committed 60696K, reserved 1101824K
  class space    used 7615K, capacity 7951K, committed 7976K, reserved 1048576K
GC Heap History (10 events):
Event: 10.926 GC heap before
{Heap before GC invocations=12 (full 3):
 PSYoungGen      total 65024K, used 61515K [0x00000000d5580000, 0x00000000da480000, 0x0000000100000000)
  eden space 50688K, 100% used [0x00000000d5580000,0x00000000d8700000,0x00000000d8700000)
  from space 14336K, 75% used [0x00000000d9580000,0x00000000da012d28,0x00000000da380000)
  to   space 14848K, 0% used [0x00000000d8700000,0x00000000d8700000,0x00000000d9580000)
 ParOldGen       total 118272K, used 17861K [0x0000000080000000, 0x0000000087380000, 0x00000000d5580000)
  object space 118272K, 15% used [0x0000000080000000,0x00000000811714b8,0x0000000087380000)
 Metaspace       used 47302K, capacity 48177K, committed 48552K, reserved 1091584K
  class space    used 6225K, capacity 6445K, committed 6568K, reserved 1048576K
Event: 10.940 GC heap after
Heap after GC invocations=12 (full 3):
 PSYoungGen      total 65536K, used 14822K [0x00000000d5580000, 0x00000000dbb00000, 0x0000000100000000)
  eden space 50688K, 0% used [0x00000000d5580000,0x00000000d5580000,0x00000000d8700000)
  from space 14848K, 99% used [0x00000000d8700000,0x00000000d95799f8,0x00000000d9580000)
  to   space 17408K, 0% used [0x00000000daa00000,0x00000000daa00000,0x00000000dbb00000)
 ParOldGen       total 118272K, used 20731K [0x0000000080000000, 0x0000000087380000, 0x00000000d5580000)
  object space 118272K, 17% used [0x0000000080000000,0x000000008143ec40,0x0000000087380000)
 Metaspace       used 47302K, capacity 48177K, committed 48552K, reserved 1091584K
  class space    used 6225K, capacity 6445K, committed 6568K, reserved 1048576K
}
Event: 13.366 GC heap before
{Heap before GC invocations=13 (full 3):
 PSYoungGen      total 65536K, used 65510K [0x00000000d5580000, 0x00000000dbb00000, 0x0000000100000000)
  eden space 50688K, 100% used [0x00000000d5580000,0x00000000d8700000,0x00000000d8700000)
  from space 14848K, 99% used [0x00000000d8700000,0x00000000d95799f8,0x00000000d9580000)
  to   space 17408K, 0% used [0x00000000daa00000,0x00000000daa00000,0x00000000dbb00000)
 ParOldGen       total 118272K, used 20731K [0x0000000080000000, 0x0000000087380000, 0x00000000d5580000)
  object space 118272K, 17% used [0x0000000080000000,0x000000008143ec40,0x0000000087380000)
 Metaspace       used 55438K, capacity 56485K, committed 56616K, reserved 1097728K
  class space    used 7206K, capacity 7455K, committed 7464K, reserved 1048576K
Event: 13.399 GC heap after
Heap after GC invocations=13 (full 3):
 PSYoungGen      total 78848K, used 17376K [0x00000000d5580000, 0x00000000dbb00000, 0x0000000100000000)
  eden space 61440K, 0% used [0x00000000d5580000,0x00000000d5580000,0x00000000d9180000)
  from space 17408K, 99% used [0x00000000daa00000,0x00000000dbaf83e8,0x00000000dbb00000)
  to   space 20992K, 0% used [0x00000000d9200000,0x00000000d9200000,0x00000000da680000)
 ParOldGen       total 118272K, used 24587K [0x0000000080000000, 0x0000000087380000, 0x00000000d5580000)
  object space 118272K, 20% used [0x0000000080000000,0x0000000081802ff0,0x0000000087380000)
 Metaspace       used 55438K, capacity 56485K, committed 56616K, reserved 1097728K
  class space    used 7206K, capacity 7455K, committed 7464K, reserved 1048576K
}
Event: 14.846 GC heap before
{Heap before GC invocations=14 (full 3):
 PSYoungGen      total 78848K, used 78722K [0x00000000d5580000, 0x00000000dbb00000, 0x0000000100000000)
  eden space 61440K, 99% used [0x00000000d5580000,0x00000000d91687f8,0x00000000d9180000)
  from space 17408K, 99% used [0x00000000daa00000,0x00000000dbaf83e8,0x00000000dbb00000)
  to   space 20992K, 0% used [0x00000000d9200000,0x00000000d9200000,0x00000000da680000)
 ParOldGen       total 118272K, used 24587K [0x0000000080000000, 0x0000000087380000, 0x00000000d5580000)
  object space 118272K, 20% used [0x0000000080000000,0x0000000081802ff0,0x0000000087380000)
 Metaspace       used 56599K, capacity 57749K, committed 58152K, reserved 1099776K
  class space    used 7306K, capacity 7623K, committed 7720K, reserved 1048576K
Event: 14.895 GC heap after
Heap after GC invocations=14 (full 3):
 PSYoungGen      total 82944K, used 20976K [0x00000000d5580000, 0x00000000dd700000, 0x0000000100000000)
  eden space 61952K, 0% used [0x00000000d5580000,0x00000000d5580000,0x00000000d9200000)
  from space 20992K, 99% used [0x00000000d9200000,0x00000000da67c0a0,0x00000000da680000)
  to   space 28160K, 0% used [0x00000000dbb80000,0x00000000dbb80000,0x00000000dd700000)
 ParOldGen       total 118272K, used 35723K [0x0000000080000000, 0x0000000087380000, 0x00000000d5580000)
  object space 118272K, 30% used [0x0000000080000000,0x00000000822e2ee8,0x0000000087380000)
 Metaspace       used 56599K, capacity 57749K, committed 58152K, reserved 1099776K
  class space    used 7306K, capacity 7623K, committed 7720K, reserved 1048576K
}
Event: 15.478 GC heap before
{Heap before GC invocations=15 (full 3):
 PSYoungGen      total 82944K, used 68717K [0x00000000d5580000, 0x00000000dd700000, 0x0000000100000000)
  eden space 61952K, 77% used [0x00000000d5580000,0x00000000d841f3c8,0x00000000d9200000)
  from space 20992K, 99% used [0x00000000d9200000,0x00000000da67c0a0,0x00000000da680000)
  to   space 28160K, 0% used [0x00000000dbb80000,0x00000000dbb80000,0x00000000dd700000)
 ParOldGen       total 118272K, used 35723K [0x0000000080000000, 0x0000000087380000, 0x00000000d5580000)
  object space 118272K, 30% used [0x0000000080000000,0x00000000822e2ee8,0x0000000087380000)
 Metaspace       used 57795K, capacity 58997K, committed 59160K, reserved 1101824K
  class space    used 7409K, capacity 7719K, committed 7720K, reserved 1048576K
Event: 15.513 GC heap after
Heap after GC invocations=15 (full 3):
 PSYoungGen      total 96768K, used 28148K [0x00000000d5580000, 0x00000000dea00000, 0x0000000100000000)
  eden space 68608K, 0% used [0x00000000d5580000,0x00000000d5580000,0x00000000d9880000)
  from space 28160K, 99% used [0x00000000dbb80000,0x00000000dd6fd2d0,0x00000000dd700000)
  to   space 35840K, 0% used [0x00000000d9880000,0x00000000d9880000,0x00000000dbb80000)
 ParOldGen       total 118272K, used 46265K [0x0000000080000000, 0x0000000087380000, 0x00000000d5580000)
  object space 118272K, 39% used [0x0000000080000000,0x0000000082d2e6a8,0x0000000087380000)
 Metaspace       used 57795K, capacity 58997K, committed 59160K, reserved 1101824K
  class space    used 7409K, capacity 7719K, committed 7720K, reserved 1048576K
}
Event: 15.513 GC heap before
{Heap before GC invocations=16 (full 4):
 PSYoungGen      total 96768K, used 28148K [0x00000000d5580000, 0x00000000dea00000, 0x0000000100000000)
  eden space 68608K, 0% used [0x00000000d5580000,0x00000000d5580000,0x00000000d9880000)
  from space 28160K, 99% used [0x00000000dbb80000,0x00000000dd6fd2d0,0x00000000dd700000)
  to   space 35840K, 0% used [0x00000000d9880000,0x00000000d9880000,0x00000000dbb80000)
 ParOldGen       total 118272K, used 46265K [0x0000000080000000, 0x0000000087380000, 0x00000000d5580000)
  object space 118272K, 39% used [0x0000000080000000,0x0000000082d2e6a8,0x0000000087380000)
 Metaspace       used 57795K, capacity 58997K, committed 59160K, reserved 1101824K
  class space    used 7409K, capacity 7719K, committed 7720K, reserved 1048576K
Event: 15.703 GC heap after
Heap after GC invocations=16 (full 4):
 PSYoungGen      total 96768K, used 0K [0x00000000d5580000, 0x00000000dea00000, 0x0000000100000000)
  eden space 68608K, 0% used [0x00000000d5580000,0x00000000d5580000,0x00000000d9880000)
  from space 28160K, 0% used [0x00000000dbb80000,0x00000000dbb80000,0x00000000dd700000)
  to   space 35840K, 0% used [0x00000000d9880000,0x00000000d9880000,0x00000000dbb80000)
 ParOldGen       total 118272K, used 49755K [0x0000000080000000, 0x0000000087380000, 0x00000000d5580000)
  object space 118272K, 42% used [0x0000000080000000,0x0000000083096d48,0x0000000087380000)
 Metaspace       used 57795K, capacity 58997K, committed 59160K, reserved 1101824K
  class space    used 7409K, capacity 7719K, committed 7720K, reserved 1048576K
}

